SQL*Loader: Release 18.0.0.0.0 - Production on Fri Apr 1 19:02:29 2022
Version 18.4.0.0.0

Copyright (c) 1982, 2019, Oracle and/or its affiliates.  All rights reserved.

Control File:   C:\Users\Admin\Documents\control\Teams.ctl
Data File:      C:\Users\Admin\Documents\data\Teams.csv
  Bad File:     C:\app\Admin\product\18.0.0\oradata\XE\Teams.bad
  Discard File: C:\app\Admin\product\18.0.0\oradata\XE\Teams.dsc 
 (Allow all discards)

Number to load: ALL
Number to skip: 0
Errors allowed: 50
Bind array:     250 rows, maximum of 1048576 bytes
Continuation:    none specified
Path used:      Conventional

Table NATIONAL_TEAMS, loaded from every logical record.
Insert option in effect for this table: APPEND
TRAILING NULLCOLS option in effect

   Column Name                  Position   Len  Term Encl Datatype
------------------------------ ---------- ----- ---- ---- ---------------------
NATIONAL_TEAM_ID                    FIRST     *   ,       CHARACTER            
NATIONAL_TEAM_NAME                   NEXT     *   ,       CHARACTER            
NATIONAL_TEAM_POINTS                 NEXT     *   ,       CHARACTER            
NATIONAL_TEAM_ASSOCIATION            NEXT     *   ,       CHARACTER            


Table NATIONAL_TEAMS:
  10 Rows successfully loaded.
  0 Rows not loaded due to data errors.
  0 Rows not loaded because all WHEN clauses were failed.
  0 Rows not loaded because all fields were null.


Space allocated for bind array:                 258000 bytes(250 rows)
Read   buffer bytes: 1048576

Total logical records skipped:          0
Total logical records read:            10
Total logical records rejected:         0
Total logical records discarded:        0

Run began on Fri Apr 01 19:02:29 2022
Run ended on Fri Apr 01 19:02:29 2022

Elapsed time was:     00:00:00.61
CPU time was:         00:00:00.22